2025-12-09 12:25:48 - Logger_WebScraping - INFO - ===== CREATION SESSION : =====
2025-12-09 12:25:48 - Logger_WebScraping - INFO - ===== RECUPERATION DE LA PAGE : =====
2025-12-09 12:25:49 - Logger_WebScraping - INFO - ===== CREATION PAGES HTML : =====
2025-12-09 12:25:50 - Logger_WebScraping - INFO - ===== CREATION SESSION : =====
2025-12-09 12:25:50 - Logger_WebScraping - INFO - ===== RECUPERATION DE LA PAGE : =====
2025-12-09 12:25:50 - Logger_WebScraping - INFO - ===== CREATION PAGES HTML : =====
2025-12-09 12:25:51 - Logger_WebScraping - INFO - ===== CREATION SESSION : =====
2025-12-09 12:25:51 - Logger_WebScraping - INFO - ===== RECUPERATION DE LA PAGE : =====
2025-12-09 12:25:51 - Logger_WebScraping - INFO - ===== CREATION PAGES HTML : =====
2025-12-09 12:25:52 - Logger_WebScraping - INFO - ===== CREATION RAPPORT CSV : =====
2025-12-09 12:27:09 - Logger_WebScraping - INFO - ===== CREATION SESSION : =====
2025-12-09 12:27:09 - Logger_WebScraping - INFO - ===== RECUPERATION DE LA PAGE : =====
2025-12-09 12:27:09 - Logger_WebScraping - INFO - ===== CREATION PAGES HTML : =====
2025-12-09 12:27:10 - Logger_WebScraping - INFO - ===== CREATION SESSION : =====
2025-12-09 12:27:10 - Logger_WebScraping - INFO - ===== RECUPERATION DE LA PAGE : =====
2025-12-09 12:27:10 - Logger_WebScraping - INFO - ===== CREATION PAGES HTML : =====
2025-12-09 12:27:11 - Logger_WebScraping - INFO - ===== CREATION SESSION : =====
2025-12-09 12:27:11 - Logger_WebScraping - INFO - ===== RECUPERATION DE LA PAGE : =====
2025-12-09 12:27:12 - Logger_WebScraping - INFO - ===== CREATION PAGES HTML : =====
2025-12-09 12:27:13 - Logger_WebScraping - INFO - ===== CREATION RAPPORT CSV : =====
2025-12-09 12:28:55 - Logger_WebScraping - INFO - ===== CREATION SESSION : =====
2025-12-09 12:28:55 - Logger_WebScraping - INFO - ===== RECUPERATION DE LA PAGE : =====
2025-12-09 12:28:55 - Logger_WebScraping - INFO - ===== CREATION PAGES HTML : =====
2025-12-09 12:28:56 - Logger_WebScraping - INFO - ===== CREATION SESSION : =====
2025-12-09 12:28:56 - Logger_WebScraping - INFO - ===== RECUPERATION DE LA PAGE : =====
2025-12-09 12:28:57 - Logger_WebScraping - INFO - ===== CREATION PAGES HTML : =====
2025-12-09 12:28:58 - Logger_WebScraping - INFO - ===== CREATION SESSION : =====
2025-12-09 12:28:58 - Logger_WebScraping - INFO - ===== RECUPERATION DE LA PAGE : =====
2025-12-09 12:28:58 - Logger_WebScraping - INFO - ===== CREATION PAGES HTML : =====
2025-12-09 12:28:59 - Logger_WebScraping - INFO - ===== CREATION RAPPORT CSV : =====
2025-12-09 12:30:06 - Logger_WebScraping - INFO - ===== CREATION SESSION : =====
2025-12-09 12:30:06 - Logger_WebScraping - INFO - ===== RECUPERATION DE LA PAGE : =====
2025-12-09 12:30:07 - Logger_WebScraping - INFO - ===== CREATION PAGES HTML : =====
2025-12-09 12:30:08 - Logger_WebScraping - INFO - ===== CREATION SESSION : =====
2025-12-09 12:30:08 - Logger_WebScraping - INFO - ===== RECUPERATION DE LA PAGE : =====
2025-12-09 12:30:08 - Logger_WebScraping - INFO - ===== CREATION PAGES HTML : =====
2025-12-09 12:30:09 - Logger_WebScraping - INFO - ===== CREATION SESSION : =====
2025-12-09 12:30:09 - Logger_WebScraping - INFO - ===== RECUPERATION DE LA PAGE : =====
2025-12-09 12:30:09 - Logger_WebScraping - INFO - ===== CREATION PAGES HTML : =====
2025-12-09 12:30:10 - Logger_WebScraping - INFO - ===== CREATION RAPPORT CSV : =====
2025-12-09 12:31:21 - Logger_WebScraping - INFO - ===== CREATION SESSION : =====
2025-12-09 12:31:21 - Logger_WebScraping - INFO - ===== RECUPERATION DE LA PAGE : =====
2025-12-09 12:31:21 - Logger_WebScraping - INFO - ===== CREATION PAGES HTML : =====
2025-12-09 12:31:22 - Logger_WebScraping - INFO - ===== CREATION SESSION : =====
2025-12-09 12:31:22 - Logger_WebScraping - INFO - ===== RECUPERATION DE LA PAGE : =====
2025-12-09 12:31:22 - Logger_WebScraping - INFO - ===== CREATION PAGES HTML : =====
2025-12-09 12:31:23 - Logger_WebScraping - INFO - ===== CREATION SESSION : =====
2025-12-09 12:31:23 - Logger_WebScraping - INFO - ===== RECUPERATION DE LA PAGE : =====
2025-12-09 12:31:24 - Logger_WebScraping - INFO - ===== CREATION PAGES HTML : =====
2025-12-09 12:31:25 - Logger_WebScraping - INFO - ===== CREATION RAPPORT CSV : =====
2025-12-09 12:32:28 - Logger_WebScraping - INFO - ===== CREATION SESSION : =====
2025-12-09 12:32:28 - Logger_WebScraping - INFO - ===== RECUPERATION DE LA PAGE : =====
2025-12-09 12:32:28 - Logger_WebScraping - INFO - ===== CREATION PAGES HTML : =====
2025-12-09 12:32:29 - Logger_WebScraping - INFO - ===== CREATION SESSION : =====
2025-12-09 12:32:29 - Logger_WebScraping - INFO - ===== RECUPERATION DE LA PAGE : =====
2025-12-09 12:32:29 - Logger_WebScraping - INFO - ===== CREATION PAGES HTML : =====
2025-12-09 12:32:30 - Logger_WebScraping - INFO - ===== CREATION SESSION : =====
2025-12-09 12:32:30 - Logger_WebScraping - INFO - ===== RECUPERATION DE LA PAGE : =====
2025-12-09 12:32:31 - Logger_WebScraping - INFO - ===== CREATION PAGES HTML : =====
2025-12-09 12:32:32 - Logger_WebScraping - INFO - ===== CREATION RAPPORT CSV : =====
2025-12-09 12:34:43 - Logger_WebScraping - INFO - ===== CREATION SESSION : =====
2025-12-09 12:34:43 - Logger_WebScraping - INFO - ===== RECUPERATION DE LA PAGE : =====
2025-12-09 12:34:43 - Logger_WebScraping - INFO - ===== CREATION PAGES HTML : =====
2025-12-09 12:34:44 - Logger_WebScraping - INFO - ===== CREATION SESSION : =====
2025-12-09 12:34:44 - Logger_WebScraping - INFO - ===== RECUPERATION DE LA PAGE : =====
2025-12-09 12:34:44 - Logger_WebScraping - INFO - ===== CREATION PAGES HTML : =====
2025-12-09 12:34:45 - Logger_WebScraping - INFO - ===== CREATION SESSION : =====
2025-12-09 12:34:45 - Logger_WebScraping - INFO - ===== RECUPERATION DE LA PAGE : =====
2025-12-09 12:34:46 - Logger_WebScraping - INFO - ===== CREATION PAGES HTML : =====
2025-12-09 12:34:47 - Logger_WebScraping - INFO - ===== CREATION RAPPORT CSV : =====
2025-12-09 12:35:16 - Logger_WebScraping - INFO - ===== CREATION SESSION : =====
2025-12-09 12:35:16 - Logger_WebScraping - INFO - ===== RECUPERATION DE LA PAGE : =====
2025-12-09 12:35:17 - Logger_WebScraping - INFO - ===== CREATION PAGES HTML : =====
2025-12-09 12:35:18 - Logger_WebScraping - INFO - ===== CREATION SESSION : =====
2025-12-09 12:35:18 - Logger_WebScraping - INFO - ===== RECUPERATION DE LA PAGE : =====
2025-12-09 12:35:18 - Logger_WebScraping - INFO - ===== CREATION PAGES HTML : =====
2025-12-09 12:35:19 - Logger_WebScraping - INFO - ===== CREATION SESSION : =====
2025-12-09 12:35:19 - Logger_WebScraping - INFO - ===== RECUPERATION DE LA PAGE : =====
2025-12-09 12:35:19 - Logger_WebScraping - INFO - ===== CREATION PAGES HTML : =====
2025-12-09 12:35:20 - Logger_WebScraping - INFO - ===== CREATION RAPPORT CSV : =====
2025-12-09 12:35:50 - Logger_WebScraping - INFO - ===== CREATION SESSION : =====
2025-12-09 12:35:50 - Logger_WebScraping - INFO - ===== RECUPERATION DE LA PAGE : =====
2025-12-09 12:35:50 - Logger_WebScraping - INFO - ===== CREATION PAGES HTML : =====
2025-12-09 12:35:51 - Logger_WebScraping - INFO - ===== CREATION SESSION : =====
2025-12-09 12:35:51 - Logger_WebScraping - INFO - ===== RECUPERATION DE LA PAGE : =====
2025-12-09 12:35:52 - Logger_WebScraping - INFO - ===== CREATION PAGES HTML : =====
2025-12-09 12:35:53 - Logger_WebScraping - INFO - ===== CREATION SESSION : =====
2025-12-09 12:35:53 - Logger_WebScraping - INFO - ===== RECUPERATION DE LA PAGE : =====
2025-12-09 12:35:53 - Logger_WebScraping - INFO - ===== CREATION PAGES HTML : =====
2025-12-09 12:35:54 - Logger_WebScraping - INFO - ===== CREATION RAPPORT CSV : =====
2025-12-09 12:36:21 - Logger_WebScraping - INFO - ===== CREATION SESSION : =====
2025-12-09 12:36:21 - Logger_WebScraping - INFO - ===== RECUPERATION DE LA PAGE : =====
2025-12-09 12:36:22 - Logger_WebScraping - INFO - ===== CREATION PAGES HTML : =====
2025-12-09 12:36:23 - Logger_WebScraping - INFO - ===== CREATION SESSION : =====
2025-12-09 12:36:23 - Logger_WebScraping - INFO - ===== RECUPERATION DE LA PAGE : =====
2025-12-09 12:36:23 - Logger_WebScraping - INFO - ===== CREATION PAGES HTML : =====
2025-12-09 12:36:24 - Logger_WebScraping - INFO - ===== CREATION SESSION : =====
2025-12-09 12:36:24 - Logger_WebScraping - INFO - ===== RECUPERATION DE LA PAGE : =====
2025-12-09 12:36:24 - Logger_WebScraping - INFO - ===== CREATION PAGES HTML : =====
2025-12-09 12:36:25 - Logger_WebScraping - INFO - ===== CREATION RAPPORT CSV : =====
2025-12-09 12:36:44 - Logger_WebScraping - INFO - ===== CREATION SESSION : =====
2025-12-09 12:36:44 - Logger_WebScraping - INFO - ===== RECUPERATION DE LA PAGE : =====
2025-12-09 12:36:44 - Logger_WebScraping - INFO - ===== CREATION PAGES HTML : =====
2025-12-09 12:36:45 - Logger_WebScraping - INFO - ===== CREATION SESSION : =====
2025-12-09 12:36:45 - Logger_WebScraping - INFO - ===== RECUPERATION DE LA PAGE : =====
2025-12-09 12:36:46 - Logger_WebScraping - INFO - ===== CREATION PAGES HTML : =====
2025-12-09 12:36:47 - Logger_WebScraping - INFO - ===== CREATION SESSION : =====
2025-12-09 12:36:47 - Logger_WebScraping - INFO - ===== RECUPERATION DE LA PAGE : =====
2025-12-09 12:36:47 - Logger_WebScraping - INFO - ===== CREATION PAGES HTML : =====
2025-12-09 12:36:48 - Logger_WebScraping - INFO - ===== CREATION RAPPORT CSV : =====
2025-12-09 12:37:52 - Logger_WebScraping - INFO - ===== CREATION SESSION : =====
2025-12-09 12:37:52 - Logger_WebScraping - INFO - ===== RECUPERATION DE LA PAGE : =====
2025-12-09 12:37:52 - Logger_WebScraping - ERROR - Erreur de connexion pour http://quotes.toscrape.co/page/1
2025-12-09 12:38:50 - Logger_WebScraping - INFO - ===== CREATION SESSION : =====
2025-12-09 12:38:50 - Logger_WebScraping - INFO - ===== RECUPERATION DE LA PAGE : =====
2025-12-09 12:38:50 - Logger_WebScraping - INFO - ===== CREATION PAGES HTML : =====
2025-12-09 12:38:51 - Logger_WebScraping - INFO - ===== CREATION SESSION : =====
2025-12-09 12:38:51 - Logger_WebScraping - INFO - ===== RECUPERATION DE LA PAGE : =====
2025-12-09 12:38:51 - Logger_WebScraping - INFO - ===== CREATION PAGES HTML : =====
2025-12-09 12:38:53 - Logger_WebScraping - INFO - ===== CREATION SESSION : =====
2025-12-09 12:38:53 - Logger_WebScraping - INFO - ===== RECUPERATION DE LA PAGE : =====
2025-12-09 12:38:53 - Logger_WebScraping - INFO - ===== CREATION PAGES HTML : =====
2025-12-09 12:38:54 - Logger_WebScraping - ERROR - ===== CREATION RAPPORT CSV : =====
2025-12-09 12:39:18 - Logger_WebScraping - INFO - ===== CREATION SESSION : =====
2025-12-09 12:39:18 - Logger_WebScraping - INFO - ===== RECUPERATION DE LA PAGE : =====
2025-12-09 12:39:18 - Logger_WebScraping - INFO - ===== CREATION PAGES HTML : =====
2025-12-09 12:39:19 - Logger_WebScraping - INFO - ===== CREATION SESSION : =====
2025-12-09 12:39:19 - Logger_WebScraping - INFO - ===== RECUPERATION DE LA PAGE : =====
2025-12-09 12:39:19 - Logger_WebScraping - INFO - ===== CREATION PAGES HTML : =====
2025-12-09 12:39:20 - Logger_WebScraping - INFO - ===== CREATION SESSION : =====
2025-12-09 12:39:20 - Logger_WebScraping - INFO - ===== RECUPERATION DE LA PAGE : =====
2025-12-09 12:39:21 - Logger_WebScraping - INFO - ===== CREATION PAGES HTML : =====
2025-12-09 12:39:22 - Logger_WebScraping - ERROR - ===== CREATION RAPPORT CSV : =====
